<?xml version="1.0" encoding="UTF-8"?>
<coverage generated="1783675566959" clover="3.2.0">
  <project timestamp="1783675566959" name="All files">
    <metrics statements="19" coveredstatements="16" conditionals="17" coveredconditionals="13" methods="10" coveredmethods="7" elements="46" coveredelements="36" complexity="0" loc="19" ncloc="19" packages="5" files="11" classes="11"/>
    <package name="src">
      <metrics statements="7" coveredstatements="6" conditionals="0" coveredconditionals="0" methods="4" coveredmethods="2"/>
      <file name="App.css" path="/Users/cheeleong/Codes/forged-in-the-ai/web/src/App.css">
        <metrics statements="0" coveredstatements="0" conditionals="0" coveredconditionals="0" methods="0" coveredmethods="0"/>
      </file>
      <file name="App.tsx" path="/Users/cheeleong/Codes/forged-in-the-ai/web/src/App.tsx">
        <metrics statements="3" coveredstatements="2" conditionals="0" coveredconditionals="0" methods="3" coveredmethods="1"/>
        <line num="8" count="2" type="stmt"/>
        <line num="10" count="2" type="stmt"/>
        <line num="27" count="0" type="stmt"/>
      </file>
      <file name="routeTree.gen.ts" path="/Users/cheeleong/Codes/forged-in-the-ai/web/src/routeTree.gen.ts">
        <metrics statements="4" coveredstatements="4" conditionals="0" coveredconditionals="0" methods="1" coveredmethods="1"/>
        <line num="14" count="1" type="stmt"/>
        <line num="17" count="1" type="stmt"/>
        <line num="54" count="1" type="stmt"/>
        <line num="57" count="1" type="stmt"/>
      </file>
    </package>
    <package name="src.assets">
      <metrics statements="0" coveredstatements="0" conditionals="0" coveredconditionals="0" methods="0" coveredmethods="0"/>
      <file name="hero.png" path="/Users/cheeleong/Codes/forged-in-the-ai/web/src/assets/hero.png">
        <metrics statements="0" coveredstatements="0" conditionals="0" coveredconditionals="0" methods="0" coveredmethods="0"/>
      </file>
      <file name="react.svg" path="/Users/cheeleong/Codes/forged-in-the-ai/web/src/assets/react.svg">
        <metrics statements="0" coveredstatements="0" conditionals="0" coveredconditionals="0" methods="0" coveredmethods="0"/>
      </file>
      <file name="vite.svg" path="/Users/cheeleong/Codes/forged-in-the-ai/web/src/assets/vite.svg">
        <metrics statements="0" coveredstatements="0" conditionals="0" coveredconditionals="0" methods="0" coveredmethods="0"/>
      </file>
    </package>
    <package name="src.components.ui">
      <metrics statements="3" coveredstatements="3" conditionals="5" coveredconditionals="4" methods="1" coveredmethods="1"/>
      <file name="button-variants.ts" path="/Users/cheeleong/Codes/forged-in-the-ai/web/src/components/ui/button-variants.ts">
        <metrics statements="1" coveredstatements="1" conditionals="0" coveredconditionals="0" methods="0" coveredmethods="0"/>
        <line num="3" count="1" type="stmt"/>
      </file>
      <file name="button.tsx" path="/Users/cheeleong/Codes/forged-in-the-ai/web/src/components/ui/button.tsx">
        <metrics statements="2" coveredstatements="2" conditionals="5" coveredconditionals="4" methods="1" coveredmethods="1"/>
        <line num="19" count="1" type="cond" truecount="1" falsecount="1"/>
        <line num="21" count="1" type="stmt"/>
      </file>
    </package>
    <package name="src.lib">
      <metrics statements="1" coveredstatements="1" conditionals="0" coveredconditionals="0" methods="1" coveredmethods="1"/>
      <file name="utils.ts" path="/Users/cheeleong/Codes/forged-in-the-ai/web/src/lib/utils.ts">
        <metrics statements="1" coveredstatements="1" conditionals="0" coveredconditionals="0" methods="1" coveredmethods="1"/>
        <line num="5" count="1" type="stmt"/>
      </file>
    </package>
    <package name="src.routes">
      <metrics statements="8" coveredstatements="6" conditionals="12" coveredconditionals="9" methods="4" coveredmethods="3"/>
      <file name="__root.tsx" path="/Users/cheeleong/Codes/forged-in-the-ai/web/src/routes/__root.tsx">
        <metrics statements="4" coveredstatements="3" conditionals="7" coveredconditionals="6" methods="2" coveredmethods="2"/>
        <line num="2" count="1" type="stmt"/>
        <line num="4" count="1" type="stmt"/>
        <line num="6" count="1" type="stmt"/>
        <line num="11" count="0" type="cond" truecount="6" falsecount="1"/>
      </file>
      <file name="index.tsx" path="/Users/cheeleong/Codes/forged-in-the-ai/web/src/routes/index.tsx">
        <metrics statements="4" coveredstatements="3" conditionals="5" coveredconditionals="3" methods="2" coveredmethods="1"/>
        <line num="1" count="1" type="cond" truecount="1" falsecount="1"/>
        <line num="2" count="1" type="stmt"/>
        <line num="4" count="1" type="stmt"/>
        <line num="6" count="0" type="cond" truecount="2" falsecount="1"/>
      </file>
    </package>
  </project>
</coverage>
