{"/Users/cheeleong/Codes/forged-in-the-ai/web/src/App.css": {"path":"/Users/cheeleong/Codes/forged-in-the-ai/web/src/App.css","statementMap":{},"fnMap":{},"branchMap":{},"s":{},"f":{},"b":{},"meta":{"lastBranch":0,"lastFunction":0,"lastStatement":0,"seen":{},"fnNames":{}}}
,"/Users/cheeleong/Codes/forged-in-the-ai/web/src/App.tsx": {"path":"/Users/cheeleong/Codes/forged-in-the-ai/web/src/App.tsx","statementMap":{"0":{"start":{"line":8,"column":28},"end":{"line":8,"column":null}},"1":{"start":{"line":10,"column":2},"end":{"line":118,"column":null}},"2":{"start":{"line":27,"column":25},"end":{"line":27,"column":null}},"3":{"start":{"line":27,"column":45},"end":{"line":27,"column":54}}},"fnMap":{"0":{"name":"App","decl":{"start":{"line":7,"column":9},"end":{"line":7,"column":15}},"loc":{"start":{"line":7,"column":15},"end":{"line":120,"column":null}},"line":7},"1":{"name":"(anonymous_1)","decl":{"start":{"line":27,"column":10},"end":{"line":27,"column":25}},"loc":{"start":{"line":27,"column":25},"end":{"line":27,"column":null}},"line":27},"2":{"name":"(anonymous_2)","decl":{"start":{"line":27,"column":25},"end":{"line":27,"column":35}},"loc":{"start":{"line":27,"column":45},"end":{"line":27,"column":54}},"line":27}},"branchMap":{},"s":{"0":2,"1":2,"2":0,"3":0},"f":{"0":2,"1":0,"2":0},"b":{},"meta":{"lastBranch":0,"lastFunction":3,"lastStatement":4,"seen":{"f:7:9:7:15":0,"s:8:28:8:Infinity":0,"s:10:2:118:Infinity":1,"f:27:10:27:25":1,"s:27:25:27:Infinity":2,"f:27:25:27:35":2,"s:27:45:27:54":3},"fnNames":{}}}
,"/Users/cheeleong/Codes/forged-in-the-ai/web/src/routeTree.gen.ts": {"path":"/Users/cheeleong/Codes/forged-in-the-ai/web/src/routeTree.gen.ts","statementMap":{"0":{"start":{"line":14,"column":19},"end":{"line":18,"column":null}},"1":{"start":{"line":17,"column":24},"end":{"line":17,"column":null}},"2":{"start":{"line":54,"column":45},"end":{"line":56,"column":null}},"3":{"start":{"line":57,"column":25},"end":{"line":59,"column":null}}},"fnMap":{"0":{"name":"(anonymous_0)","decl":{"start":{"line":17,"column":2},"end":{"line":17,"column":24}},"loc":{"start":{"line":17,"column":24},"end":{"line":17,"column":null}},"line":17}},"branchMap":{},"s":{"0":1,"1":1,"2":1,"3":1},"f":{"0":1},"b":{},"meta":{"lastBranch":0,"lastFunction":1,"lastStatement":4,"seen":{"s:14:19:18:Infinity":0,"f:17:2:17:24":0,"s:17:24:17:Infinity":1,"s:54:45:56:Infinity":2,"s:57:25:59:Infinity":3},"fnNames":{}}}
,"/Users/cheeleong/Codes/forged-in-the-ai/web/src/assets/hero.png": {"path":"/Users/cheeleong/Codes/forged-in-the-ai/web/src/assets/hero.png","statementMap":{},"fnMap":{},"branchMap":{},"s":{},"f":{},"b":{},"meta":{"lastBranch":0,"lastFunction":0,"lastStatement":0,"seen":{},"fnNames":{}}}
,"/Users/cheeleong/Codes/forged-in-the-ai/web/src/assets/react.svg": {"path":"/Users/cheeleong/Codes/forged-in-the-ai/web/src/assets/react.svg","statementMap":{},"fnMap":{},"branchMap":{},"s":{},"f":{},"b":{},"meta":{"lastBranch":0,"lastFunction":0,"lastStatement":0,"seen":{},"fnNames":{}}}
,"/Users/cheeleong/Codes/forged-in-the-ai/web/src/assets/vite.svg": {"path":"/Users/cheeleong/Codes/forged-in-the-ai/web/src/assets/vite.svg","statementMap":{},"fnMap":{},"branchMap":{},"s":{},"f":{},"b":{},"meta":{"lastBranch":0,"lastFunction":0,"lastStatement":0,"seen":{},"fnNames":{}}}
,"/Users/cheeleong/Codes/forged-in-the-ai/web/src/components/ui/button-variants.ts": {"path":"/Users/cheeleong/Codes/forged-in-the-ai/web/src/components/ui/button-variants.ts","statementMap":{"0":{"start":{"line":3,"column":30},"end":{"line":38,"column":null}}},"fnMap":{},"branchMap":{},"s":{"0":1},"f":{},"b":{},"meta":{"lastBranch":0,"lastFunction":0,"lastStatement":1,"seen":{"s:3:30:38:Infinity":0},"fnNames":{}}}
,"/Users/cheeleong/Codes/forged-in-the-ai/web/src/components/ui/button.tsx": {"path":"/Users/cheeleong/Codes/forged-in-the-ai/web/src/components/ui/button.tsx","statementMap":{"0":{"start":{"line":19,"column":15},"end":{"line":19,"column":null}},"1":{"start":{"line":21,"column":2},"end":{"line":28,"column":null}}},"fnMap":{"0":{"name":"Button","decl":{"start":{"line":9,"column":9},"end":{"line":9,"column":16}},"loc":{"start":{"line":18,"column":5},"end":{"line":30,"column":null}},"line":18}},"branchMap":{"0":{"loc":{"start":{"line":11,"column":2},"end":{"line":11,"column":null}},"type":"default-arg","locations":[{"start":{"line":11,"column":12},"end":{"line":11,"column":null}}],"line":11},"1":{"loc":{"start":{"line":12,"column":2},"end":{"line":12,"column":null}},"type":"default-arg","locations":[{"start":{"line":12,"column":9},"end":{"line":12,"column":null}}],"line":12},"2":{"loc":{"start":{"line":13,"column":2},"end":{"line":13,"column":null}},"type":"default-arg","locations":[{"start":{"line":13,"column":12},"end":{"line":13,"column":null}}],"line":13},"3":{"loc":{"start":{"line":19,"column":15},"end":{"line":19,"column":null}},"type":"cond-expr","locations":[{"start":{"line":19,"column":25},"end":{"line":19,"column":37}},{"start":{"line":19,"column":37},"end":{"line":19,"column":null}}],"line":19}},"s":{"0":1,"1":1},"f":{"0":1},"b":{"0":[1],"1":[1],"2":[1],"3":[0,1]},"meta":{"lastBranch":4,"lastFunction":1,"lastStatement":2,"seen":{"f:9:9:9:16":0,"b:11:12:11:Infinity":0,"b:12:9:12:Infinity":1,"b:13:12:13:Infinity":2,"s:19:15:19:Infinity":0,"b:19:25:19:37:19:37:19:Infinity":3,"s:21:2:28:Infinity":1},"fnNames":{}}}
,"/Users/cheeleong/Codes/forged-in-the-ai/web/src/lib/utils.ts": {"path":"/Users/cheeleong/Codes/forged-in-the-ai/web/src/lib/utils.ts","statementMap":{"0":{"start":{"line":5,"column":2},"end":{"line":5,"column":null}}},"fnMap":{"0":{"name":"cn","decl":{"start":{"line":4,"column":16},"end":{"line":4,"column":19}},"loc":{"start":{"line":4,"column":44},"end":{"line":6,"column":null}},"line":4}},"branchMap":{},"s":{"0":1},"f":{"0":1},"b":{},"meta":{"lastBranch":0,"lastFunction":1,"lastStatement":1,"seen":{"f:4:16:4:19":0,"s:5:2:5:Infinity":0},"fnNames":{}}}
,"/Users/cheeleong/Codes/forged-in-the-ai/web/src/routes/__root.tsx": {"path":"/Users/cheeleong/Codes/forged-in-the-ai/web/src/routes/__root.tsx","statementMap":{"0":{"start":{"line":2,"column":72},"end":{"line":9,"column":null}},"1":{"start":{"line":6,"column":4},"end":{"line":9,"column":null}},"2":{"start":{"line":4,"column":21},"end":{"line":11,"column":2}},"3":{"start":{"line":11,"column":2},"end":{"line":11,"column":null}}},"fnMap":{"0":{"name":"(anonymous_0)","decl":{"start":{"line":2,"column":72},"end":{"line":2,"column":null}},"loc":{"start":{"line":6,"column":4},"end":{"line":9,"column":null}},"line":6},"1":{"name":"(anonymous_1)","decl":{"start":{"line":11,"column":2},"end":{"line":11,"column":null}},"loc":{"start":{"line":11,"column":2},"end":{"line":11,"column":null}},"line":11}},"branchMap":{"0":{"loc":{"start":{"line":11,"column":2},"end":{"line":11,"column":null}},"type":"if","locations":[{"start":{"line":11,"column":2},"end":{"line":11,"column":null}},{"start":{},"end":{}}],"line":11},"1":{"loc":{"start":{"line":11,"column":2},"end":{"line":11,"column":null}},"type":"binary-expr","locations":[{"start":{"line":11,"column":2},"end":{"line":11,"column":null}},{"start":{"line":11,"column":2},"end":{"line":11,"column":null}}],"line":11},"2":{"loc":{"start":{"line":11,"column":2},"end":{"line":11,"column":null}},"type":"binary-expr","locations":[{"start":{"line":11,"column":2},"end":{"line":11,"column":null}},{"start":{"line":11,"column":2},"end":{"line":11,"column":null}},{"start":{"line":11,"column":2},"end":{"line":11,"column":null}}],"line":11}},"s":{"0":1,"1":1,"2":1,"3":0},"f":{"0":1,"1":1},"b":{"0":[3,1],"1":[4,2],"2":[1,1,0]},"meta":{"lastBranch":3,"lastFunction":2,"lastStatement":4,"seen":{"s:2:72:9:Infinity":0,"f:2:72:2:Infinity":0,"s:6:4:9:Infinity":1,"s:4:21:11:2":2,"s:11:2:11:Infinity":3,"b:11:2:11:Infinity:undefined:undefined:undefined:undefined":0,"b:11:2:11:Infinity:11:2:11:Infinity":1,"f:11:2:11:Infinity":1,"b:11:2:11:Infinity:11:2:11:Infinity:11:2:11:Infinity":2},"fnNames":{}}}
,"/Users/cheeleong/Codes/forged-in-the-ai/web/src/routes/index.tsx": {"path":"/Users/cheeleong/Codes/forged-in-the-ai/web/src/routes/index.tsx","statementMap":{"0":{"start":{"line":2,"column":7},"end":{"line":2,"column":24}},"1":{"start":{"line":1,"column":56},"end":{"line":1,"column":null}},"2":{"start":{"line":4,"column":21},"end":{"line":6,"column":2}},"3":{"start":{"line":6,"column":2},"end":{"line":6,"column":null}}},"fnMap":{"0":{"name":"(anonymous_0)","decl":{"start":{"line":1,"column":56},"end":{"line":1,"column":null}},"loc":{"start":{"line":1,"column":56},"end":{"line":1,"column":null}},"line":1},"1":{"name":"(anonymous_1)","decl":{"start":{"line":6,"column":2},"end":{"line":6,"column":null}},"loc":{"start":{"line":6,"column":2},"end":{"line":6,"column":null}},"line":6}},"branchMap":{"0":{"loc":{"start":{"line":1,"column":56},"end":{"line":1,"column":null}},"type":"if","locations":[{"start":{"line":1,"column":56},"end":{"line":1,"column":null}},{"start":{},"end":{}}],"line":1},"1":{"loc":{"start":{"line":6,"column":2},"end":{"line":6,"column":null}},"type":"binary-expr","locations":[{"start":{"line":6,"column":2},"end":{"line":6,"column":null}},{"start":{"line":6,"column":2},"end":{"line":6,"column":null}},{"start":{"line":6,"column":2},"end":{"line":6,"column":null}}],"line":6}},"s":{"0":1,"1":1,"2":1,"3":0},"f":{"0":1,"1":0},"b":{"0":[1,0],"1":[1,1,0]},"meta":{"lastBranch":0,"lastFunction":0,"lastStatement":1,"seen":{"s:2:7:2:24":0},"fnNames":{}}}
}
